Running scrapers/cincodias-opinion.R
Running scrapers/cincodias.R
Running scrapers/elconfidencial.R
Running scrapers/eldiario-madrid.R
Running scrapers/eldiario.R
Running scrapers/elmundo-madrid.R
Running scrapers/elmundo.R
Running scrapers/elpais-madrid.R
Running scrapers/elpais-opinion.R
Running scrapers/elpais.R
Running scrapers/expansion.R
Running scrapers/financialtimes-opinion.R
Running scrapers/financialtimes.R
Running scrapers/infolibre.R
Running scrapers/projectsyndicate.R
Running scrapers/publico.R
Running scrapers/ser-madrid.R
Running scrapers/social-europe.R
Running scrapers/voxeu.R
Running scrapers/cincodias-opinion.R
Running scrapers/cincodias.R
Running scrapers/elconfidencial.R
Running scrapers/eldiario-madrid.R
Running scrapers/eldiario.R
Running scrapers/elmundo-madrid.R
Running scrapers/elmundo.R
Running scrapers/elpais-madrid.R
Running scrapers/elpais-opinion.R
Running scrapers/elpais.R
Running scrapers/expansion.R
Running scrapers/financialtimes-opinion.R
Running scrapers/financialtimes.R
Running scrapers/infolibre.R
Running scrapers/projectsyndicate.R
Running scrapers/publico.R
Running scrapers/ser-madrid.R
Running scrapers/social-europe.R
Running scrapers/voxeu.R
Running scrapers/cincodias-opinion.R
Running scrapers/cincodias.R
Running scrapers/elconfidencial.R
Running scrapers/eldiario-madrid.R
Running scrapers/eldiario.R
Running scrapers/elmundo-madrid.R
Running scrapers/elmundo.R
Running scrapers/elpais-madrid.R
Running scrapers/elpais-opinion.R
Running scrapers/elpais.R
Running scrapers/expansion.R
Running scrapers/financialtimes-opinion.R
Running scrapers/financialtimes.R
Running scrapers/infolibre.R
Running scrapers/projectsyndicate.R
Running scrapers/publico.R
Running scrapers/ser-madrid.R
Running scrapers/social-europe.R
Running scrapers/voxeu.R
Running scrapers/cincodias-opinion.R
Running scrapers/cincodias.R
Running scrapers/elconfidencial.R
Running scrapers/eldiario-madrid.R
Running scrapers/eldiario.R
Running scrapers/elmundo-madrid.R
Running scrapers/elmundo.R
Running scrapers/elpais-madrid.R
Running scrapers/elpais-opinion.R
Running scrapers/elpais.R
Running scrapers/expansion.R
Running scrapers/financialtimes-opinion.R
Running scrapers/financialtimes.R
Running scrapers/infolibre.R
Running scrapers/projectsyndicate.R
Running scrapers/publico.R
Running scrapers/ser-madrid.R
Running scrapers/social-europe.R
Running scrapers/voxeu.R
Running scrapers/cincodias-opinion.R
Running scrapers/cincodias.R
Running scrapers/elconfidencial.R
Running scrapers/eldiario-madrid.R
Running scrapers/eldiario.R
Running scrapers/elmundo-madrid.R
Running scrapers/elmundo.R
Running scrapers/elpais-madrid.R
Running scrapers/elpais-opinion.R
Running scrapers/elpais.R
Running scrapers/expansion.R
Running scrapers/financialtimes-opinion.R
Running scrapers/financialtimes.R
Running scrapers/infolibre.R
Running scrapers/projectsyndicate.R
Running scrapers/publico.R
Running scrapers/ser-madrid.R
Running scrapers/social-europe.R
Running scrapers/voxeu.R
Running scrapers/cincodias-opinion.R
Running scrapers/cincodias.R
Running scrapers/elconfidencial.R
Running scrapers/eldiario-madrid.R
Running scrapers/eldiario.R
Running scrapers/elmundo-madrid.R
Running scrapers/elmundo.R
Running scrapers/elpais-madrid.R
Running scrapers/elpais-opinion.R
Running scrapers/elpais.R
Running scrapers/expansion.R
Running scrapers/financialtimes-opinion.R
Running scrapers/financialtimes.R
Running scrapers/infolibre.R
Running scrapers/projectsyndicate.R
Running scrapers/publico.R
Running scrapers/ser-madrid.R
Running scrapers/social-europe.R
Running scrapers/voxeu.R
Running scrapers/cincodias-opinion.R
Running scrapers/cincodias.R
Running scrapers/elconfidencial.R
Running scrapers/eldiario-madrid.R
Running scrapers/eldiario.R
Running scrapers/elmundo-madrid.R
Running scrapers/elmundo.R
Running scrapers/elpais-madrid.R
Running scrapers/elpais-opinion.R
Running scrapers/elpais.R
Running scrapers/expansion.R
Running scrapers/financialtimes-opinion.R
Running scrapers/financialtimes.R
Running scrapers/infolibre.R
Running scrapers/projectsyndicate.R
Running scrapers/publico.R
Running scrapers/ser-madrid.R
Running scrapers/social-europe.R
Running scrapers/voxeu.R
Running scrapers/cincodias-opinion.R
Running scrapers/cincodias.R
Running scrapers/elconfidencial.R
Running scrapers/eldiario-madrid.R
Running scrapers/eldiario.R
Running scrapers/elmundo-madrid.R
Running scrapers/elmundo.R
Running scrapers/elpais-madrid.R
Running scrapers/elpais-opinion.R
Running scrapers/elpais.R
Running scrapers/expansion.R
Running scrapers/financialtimes-opinion.R
Running scrapers/financialtimes.R
Running scrapers/infolibre.R
Running scrapers/projectsyndicate.R
Running scrapers/publico.R
Running scrapers/ser-madrid.R
Running scrapers/social-europe.R
Running scrapers/voxeu.R
Running scrapers/cincodias-opinion.R
Running scrapers/cincodias.R
Running scrapers/elconfidencial.R
Running scrapers/eldiario-madrid.R
Running scrapers/eldiario.R
Running scrapers/elmundo-madrid.R
Running scrapers/elmundo.R
Running scrapers/elpais-madrid.R
Running scrapers/elpais-opinion.R
Running scrapers/elpais.R
Running scrapers/expansion.R
Running scrapers/financialtimes-opinion.R
Running scrapers/financialtimes.R
Running scrapers/infolibre.R
Running scrapers/projectsyndicate.R
Running scrapers/publico.R
Running scrapers/ser-madrid.R
Running scrapers/social-europe.R
Running scrapers/voxeu.R
Running scrapers/cincodias-opinion.R
Running scrapers/cincodias.R
Running scrapers/elconfidencial.R
Running scrapers/eldiario-madrid.R
Running scrapers/eldiario.R
Running scrapers/elmundo-madrid.R
Running scrapers/elmundo.R
Running scrapers/elpais-madrid.R
Running scrapers/elpais-opinion.R
Running scrapers/elpais.R
Running scrapers/expansion.R
Running scrapers/financialtimes-opinion.R
Running scrapers/financialtimes.R
Running scrapers/infolibre.R
Running scrapers/projectsyndicate.R
Running scrapers/publico.R
Running scrapers/ser-madrid.R
Running scrapers/social-europe.R
Running scrapers/voxeu.R
Running scrapers/cincodias-opinion.R
Running scrapers/cincodias.R
Running scrapers/elconfidencial.R
Running scrapers/eldiario-madrid.R
Running scrapers/eldiario.R
Running scrapers/elmundo-madrid.R
Running scrapers/elmundo.R
Running scrapers/elpais-madrid.R
Running scrapers/elpais-opinion.R
Running scrapers/elpais.R
Running scrapers/expansion.R
Running scrapers/financialtimes-opinion.R
Running scrapers/financialtimes.R
Running scrapers/infolibre.R
Running scrapers/projectsyndicate.R
Running scrapers/publico.R
Running scrapers/ser-madrid.R
Running scrapers/social-europe.R
Running scrapers/voxeu.R
Running scrapers/cincodias-opinion.R
Running scrapers/cincodias.R
Running scrapers/elconfidencial.R
Running scrapers/eldiario-madrid.R
Running scrapers/eldiario.R
Running scrapers/elmundo-madrid.R
Running scrapers/elmundo.R
Running scrapers/elpais-madrid.R
Running scrapers/elpais-opinion.R
Running scrapers/elpais.R
Running scrapers/expansion.R
Running scrapers/financialtimes-opinion.R
Running scrapers/financialtimes.R
Running scrapers/infolibre.R
Running scrapers/projectsyndicate.R
Running scrapers/publico.R
Running scrapers/ser-madrid.R
Running scrapers/social-europe.R
Running scrapers/voxeu.R
Running scrapers/cincodias-opinion.R
Running scrapers/cincodias.R
Running scrapers/elconfidencial.R
Running scrapers/eldiario-madrid.R
Running scrapers/eldiario.R
Running scrapers/elmundo-madrid.R
Running scrapers/elmundo.R
Running scrapers/elpais-madrid.R
Running scrapers/elpais-opinion.R
Running scrapers/elpais.R
Running scrapers/expansion.R
Running scrapers/financialtimes-opinion.R
Running scrapers/financialtimes.R
Running scrapers/infolibre.R
Running scrapers/projectsyndicate.R
Running scrapers/publico.R
Running scrapers/ser-madrid.R
Running scrapers/social-europe.R
Running scrapers/voxeu.R
Running scrapers/cincodias-opinion.R
Running scrapers/cincodias.R
Running scrapers/elconfidencial.R
Running scrapers/eldiario-madrid.R
Running scrapers/eldiario.R
Running scrapers/elmundo-madrid.R
Running scrapers/elmundo.R
Running scrapers/elpais-madrid.R
Running scrapers/elpais-opinion.R
Running scrapers/elpais.R
Running scrapers/expansion.R
Running scrapers/financialtimes-opinion.R
Running scrapers/financialtimes.R
Running scrapers/infolibre.R
Running scrapers/projectsyndicate.R
Running scrapers/publico.R
Running scrapers/ser-madrid.R
Running scrapers/social-europe.R
Running scrapers/voxeu.R
Running scrapers/cincodias-opinion.R
Running scrapers/cincodias.R
Running scrapers/elconfidencial.R
Running scrapers/eldiario-madrid.R
Running scrapers/eldiario.R
Running scrapers/elmundo-madrid.R
Running scrapers/elmundo.R
Running scrapers/elpais-madrid.R
Running scrapers/elpais-opinion.R
Running scrapers/elpais.R
Running scrapers/expansion.R
Running scrapers/financialtimes-opinion.R
Running scrapers/financialtimes.R
Running scrapers/infolibre.R
Running scrapers/projectsyndicate.R
Running scrapers/publico.R
Running scrapers/ser-madrid.R
Running scrapers/social-europe.R
Running scrapers/voxeu.R
Running scrapers/cincodias-opinion.R
Running scrapers/cincodias.R
Running scrapers/elconfidencial.R
Running scrapers/eldiario-madrid.R
Running scrapers/eldiario.R
Running scrapers/elmundo-madrid.R
Running scrapers/elmundo.R
Running scrapers/elpais-madrid.R
Running scrapers/elpais-opinion.R
Running scrapers/elpais.R
Running scrapers/expansion.R
Running scrapers/financialtimes-opinion.R
Running scrapers/financialtimes.R
Running scrapers/infolibre.R
Running scrapers/projectsyndicate.R
Running scrapers/publico.R
Running scrapers/ser-madrid.R
Running scrapers/social-europe.R
Running scrapers/voxeu.R
Running scrapers/cincodias-opinion.R
Running scrapers/cincodias.R
Running scrapers/elconfidencial.R
Running scrapers/eldiario-madrid.R
Running scrapers/eldiario.R
Running scrapers/elmundo-madrid.R
Running scrapers/elmundo.R
Running scrapers/elpais-madrid.R
Running scrapers/elpais-opinion.R
Running scrapers/elpais.R
Running scrapers/expansion.R
Running scrapers/financialtimes-opinion.R
Running scrapers/financialtimes.R
Running scrapers/infolibre.R
Running scrapers/projectsyndicate.R
Running scrapers/publico.R
Running scrapers/ser-madrid.R
Running scrapers/social-europe.R
Running scrapers/voxeu.R
Running scrapers/cincodias-opinion.R
Running scrapers/cincodias.R
Running scrapers/elconfidencial.R
Running scrapers/eldiario-madrid.R
Running scrapers/eldiario.R
Running scrapers/elmundo-madrid.R
Running scrapers/elmundo.R
Running scrapers/elpais-madrid.R
Running scrapers/elpais-opinion.R
Running scrapers/elpais.R
Running scrapers/expansion.R
Running scrapers/financialtimes-opinion.R
Running scrapers/financialtimes.R
Running scrapers/infolibre.R
Running scrapers/projectsyndicate.R
Running scrapers/publico.R
Running scrapers/ser-madrid.R
Running scrapers/social-europe.R
Running scrapers/voxeu.R
Running scrapers/cincodias-opinion.R
Running scrapers/cincodias.R
Running scrapers/elconfidencial.R
Running scrapers/eldiario-madrid.R
Running scrapers/eldiario.R
Running scrapers/elmundo-madrid.R
Running scrapers/elmundo.R
Running scrapers/elpais-madrid.R
Running scrapers/elpais-opinion.R
Running scrapers/elpais.R
Running scrapers/expansion.R
Running scrapers/financialtimes-opinion.R
Running scrapers/financialtimes.R
Running scrapers/infolibre.R
Running scrapers/projectsyndicate.R
Running scrapers/publico.R
Running scrapers/ser-madrid.R
Running scrapers/social-europe.R
Running scrapers/voxeu.R
Running scrapers/cincodias-opinion.R
Running scrapers/cincodias.R
Running scrapers/elconfidencial.R
Running scrapers/eldiario-madrid.R
Running scrapers/eldiario.R
Running scrapers/elmundo-madrid.R
Running scrapers/elmundo.R
Running scrapers/elpais-madrid.R
Running scrapers/elpais-opinion.R
Running scrapers/elpais.R
Running scrapers/expansion.R
Running scrapers/financialtimes-opinion.R
Running scrapers/financialtimes.R
Running scrapers/infolibre.R
Running scrapers/projectsyndicate.R
Running scrapers/publico.R
Running scrapers/ser-madrid.R
Running scrapers/social-europe.R
Running scrapers/voxeu.R
Running scrapers/cincodias-opinion.R
Running scrapers/cincodias.R
Running scrapers/elconfidencial.R
Running scrapers/eldiario-madrid.R
Running scrapers/eldiario.R
Running scrapers/elmundo-madrid.R
Running scrapers/elmundo.R
Running scrapers/elpais-madrid.R
Running scrapers/elpais-opinion.R
Running scrapers/elpais.R
Running scrapers/expansion.R
Running scrapers/financialtimes-opinion.R
Running scrapers/financialtimes.R
Running scrapers/infolibre.R
Running scrapers/projectsyndicate.R
Running scrapers/publico.R
Running scrapers/ser-madrid.R
Running scrapers/social-europe.R
Running scrapers/voxeu.R
Running scrapers/cincodias-opinion.R
Running scrapers/cincodias.R
Running scrapers/elconfidencial.R
Running scrapers/eldiario-madrid.R
Running scrapers/eldiario.R
Running scrapers/elmundo-madrid.R
Running scrapers/elmundo.R
Running scrapers/elpais-madrid.R
Running scrapers/elpais-opinion.R
Running scrapers/elpais.R
Running scrapers/expansion.R
Running scrapers/financialtimes-opinion.R
Running scrapers/financialtimes.R
Running scrapers/infolibre.R
Running scrapers/projectsyndicate.R
Running scrapers/publico.R
Running scrapers/ser-madrid.R
Running scrapers/social-europe.R
Running scrapers/voxeu.R
Running scrapers/cincodias-opinion.R
Running scrapers/cincodias.R
Running scrapers/elconfidencial.R
Running scrapers/eldiario-madrid.R
Running scrapers/eldiario.R
Running scrapers/elmundo-madrid.R
Running scrapers/elmundo.R
Running scrapers/elpais-madrid.R
Running scrapers/elpais-opinion.R
Running scrapers/elpais.R
Running scrapers/expansion.R
Running scrapers/financialtimes-opinion.R
Running scrapers/financialtimes.R
Running scrapers/infolibre.R
Running scrapers/projectsyndicate.R
Running scrapers/publico.R
Running scrapers/ser-madrid.R
Running scrapers/social-europe.R
Running scrapers/voxeu.R
Running scrapers/cincodias-opinion.R
Running scrapers/cincodias.R
Running scrapers/elconfidencial.R
Running scrapers/eldiario-madrid.R
Running scrapers/eldiario.R
Running scrapers/elmundo-madrid.R
Running scrapers/elmundo.R
Running scrapers/elpais-madrid.R
Running scrapers/elpais-opinion.R
Running scrapers/elpais.R
Running scrapers/expansion.R
Running scrapers/financialtimes-opinion.R
Running scrapers/financialtimes.R
Running scrapers/infolibre.R
Running scrapers/projectsyndicate.R
Running scrapers/publico.R
Running scrapers/ser-madrid.R
Running scrapers/social-europe.R
Running scrapers/voxeu.R
Running scrapers/cincodias-opinion.R
Running scrapers/cincodias.R
Running scrapers/elconfidencial.R
Running scrapers/eldiario-madrid.R
Running scrapers/eldiario.R
Running scrapers/elmundo-madrid.R
Running scrapers/elmundo.R
Running scrapers/elpais-madrid.R
Running scrapers/elpais-opinion.R
Running scrapers/elpais.R
Running scrapers/expansion.R
Running scrapers/financialtimes-opinion.R
Running scrapers/financialtimes.R
Running scrapers/infolibre.R
Running scrapers/projectsyndicate.R
Running scrapers/publico.R
Running scrapers/ser-madrid.R
Running scrapers/social-europe.R
Running scrapers/voxeu.R
Running scrapers/cincodias-opinion.R
Running scrapers/cincodias.R
Running scrapers/elconfidencial.R
Running scrapers/eldiario-madrid.R
Running scrapers/eldiario.R
Running scrapers/elmundo-madrid.R
Running scrapers/elmundo.R
Running scrapers/elpais-madrid.R
Running scrapers/elpais-opinion.R
Running scrapers/elpais.R
Running scrapers/expansion.R
Running scrapers/financialtimes-opinion.R
Running scrapers/financialtimes.R
Running scrapers/infolibre.R
Running scrapers/projectsyndicate.R
Running scrapers/publico.R
Running scrapers/ser-madrid.R
Running scrapers/social-europe.R
Running scrapers/voxeu.R
Running scrapers/cincodias-opinion.R
Running scrapers/cincodias.R
Running scrapers/elconfidencial.R
Running scrapers/eldiario-madrid.R
Running scrapers/eldiario.R
Running scrapers/elmundo-madrid.R
Running scrapers/elmundo.R
Running scrapers/elpais-madrid.R
Running scrapers/elpais-opinion.R
Running scrapers/elpais.R
Running scrapers/expansion.R
Running scrapers/financialtimes-opinion.R
Running scrapers/financialtimes.R
Running scrapers/infolibre.R
Running scrapers/projectsyndicate.R
Running scrapers/publico.R
Running scrapers/ser-madrid.R
Running scrapers/social-europe.R
Running scrapers/voxeu.R
Running scrapers/cincodias-opinion.R
Running scrapers/cincodias.R
Running scrapers/elconfidencial.R
Running scrapers/eldiario-madrid.R
Running scrapers/eldiario.R
Running scrapers/elmundo-madrid.R
Running scrapers/elmundo.R
Running scrapers/elpais-madrid.R
Running scrapers/elpais-opinion.R
Running scrapers/elpais.R
Running scrapers/expansion.R
Running scrapers/financialtimes-opinion.R
Running scrapers/financialtimes.R
Running scrapers/infolibre.R
Running scrapers/projectsyndicate.R
Running scrapers/publico.R
Running scrapers/ser-madrid.R
Running scrapers/social-europe.R
Running scrapers/voxeu.R
Running scrapers/cincodias-opinion.R
Running scrapers/cincodias.R
Running scrapers/elconfidencial.R
Running scrapers/eldiario-madrid.R
Running scrapers/eldiario.R
Running scrapers/elmundo-madrid.R
Running scrapers/elmundo.R
Running scrapers/elpais-madrid.R
Running scrapers/elpais-opinion.R
Running scrapers/elpais.R
Running scrapers/expansion.R
Running scrapers/financialtimes-opinion.R
Running scrapers/financialtimes.R
Running scrapers/infolibre.R
Running scrapers/projectsyndicate.R
Running scrapers/publico.R
Running scrapers/ser-madrid.R
Running scrapers/social-europe.R
Running scrapers/voxeu.R
Running scrapers/cincodias-opinion.R
Running scrapers/cincodias.R
Running scrapers/elconfidencial.R
Running scrapers/eldiario-madrid.R
Running scrapers/eldiario.R
Running scrapers/elmundo-madrid.R
Running scrapers/elmundo.R
Running scrapers/elpais-madrid.R
Running scrapers/elpais-opinion.R
Running scrapers/elpais.R
Running scrapers/expansion.R
Running scrapers/financialtimes-opinion.R
Running scrapers/financialtimes.R
Running scrapers/infolibre.R
Running scrapers/projectsyndicate.R
Running scrapers/publico.R
Running scrapers/ser-madrid.R
Running scrapers/social-europe.R
Running scrapers/voxeu.R
Running scrapers/cincodias-opinion.R
Running scrapers/cincodias.R
Running scrapers/elconfidencial.R
Running scrapers/eldiario-madrid.R
Running scrapers/eldiario.R
Running scrapers/elmundo-madrid.R
Running scrapers/elmundo.R
Running scrapers/elpais-madrid.R
Running scrapers/elpais-opinion.R
Running scrapers/elpais.R
Running scrapers/expansion.R
Running scrapers/financialtimes-opinion.R
Running scrapers/financialtimes.R
Running scrapers/infolibre.R
Running scrapers/projectsyndicate.R
Running scrapers/publico.R
Running scrapers/ser-madrid.R
Running scrapers/social-europe.R
Running scrapers/voxeu.R
Running scrapers/cincodias-opinion.R
Running scrapers/cincodias.R
Running scrapers/elconfidencial.R
Running scrapers/eldiario-madrid.R
Running scrapers/eldiario.R
Running scrapers/elmundo-madrid.R
Running scrapers/elmundo.R
Running scrapers/elpais-madrid.R
Running scrapers/elpais-opinion.R
Running scrapers/elpais.R
Running scrapers/expansion.R
Running scrapers/financialtimes-opinion.R
Running scrapers/financialtimes.R
Running scrapers/infolibre.R
Running scrapers/projectsyndicate.R
Running scrapers/publico.R
Running scrapers/ser-madrid.R
Running scrapers/social-europe.R
Running scrapers/voxeu.R
Running scrapers/cincodias-opinion.R
Running scrapers/cincodias.R
Running scrapers/elconfidencial.R
Running scrapers/eldiario-madrid.R
Running scrapers/eldiario.R
Running scrapers/elmundo-madrid.R
Running scrapers/elmundo.R
Running scrapers/elpais-madrid.R
Running scrapers/elpais-opinion.R
Running scrapers/elpais.R
Running scrapers/expansion.R
Running scrapers/financialtimes-opinion.R
Running scrapers/financialtimes.R
Running scrapers/infolibre.R
Running scrapers/projectsyndicate.R
Running scrapers/publico.R
Running scrapers/ser-madrid.R
Running scrapers/social-europe.R
Running scrapers/voxeu.R
Running scrapers/cincodias-opinion.R
Running scrapers/cincodias.R
Running scrapers/elconfidencial.R
Running scrapers/eldiario-madrid.R
Running scrapers/eldiario.R
Running scrapers/elmundo-madrid.R
Running scrapers/elmundo.R
Running scrapers/elpais-madrid.R
Running scrapers/elpais-opinion.R
Running scrapers/elpais.R
Running scrapers/expansion.R
Running scrapers/financialtimes-opinion.R
Running scrapers/financialtimes.R
Running scrapers/infolibre.R
Running scrapers/projectsyndicate.R
Running scrapers/publico.R
Running scrapers/ser-madrid.R
Running scrapers/social-europe.R
Running scrapers/voxeu.R
Running scrapers/cincodias-opinion.R
Running scrapers/cincodias.R
Running scrapers/elconfidencial.R
Running scrapers/eldiario-madrid.R
Running scrapers/eldiario.R
Running scrapers/elmundo-madrid.R
Running scrapers/elmundo.R
Running scrapers/elpais-madrid.R
Running scrapers/elpais-opinion.R
Running scrapers/elpais.R
Running scrapers/expansion.R
Running scrapers/financialtimes-opinion.R
Running scrapers/financialtimes.R
Running scrapers/infolibre.R
Running scrapers/projectsyndicate.R
Running scrapers/publico.R
Running scrapers/ser-madrid.R
Running scrapers/social-europe.R
Running scrapers/voxeu.R
Running scrapers/cincodias-opinion.R
Running scrapers/cincodias.R
Running scrapers/elconfidencial.R
Running scrapers/eldiario-madrid.R
Running scrapers/eldiario.R
Running scrapers/elmundo-madrid.R
Running scrapers/elmundo.R
Running scrapers/elpais-madrid.R
Running scrapers/elpais-opinion.R
Running scrapers/elpais.R
Running scrapers/expansion.R
Running scrapers/financialtimes-opinion.R
Running scrapers/financialtimes.R
Running scrapers/infolibre.R
Running scrapers/projectsyndicate.R
Running scrapers/publico.R
Running scrapers/ser-madrid.R
Running scrapers/social-europe.R
Running scrapers/voxeu.R
Running scrapers/cincodias-opinion.R
Running scrapers/cincodias.R
Running scrapers/elconfidencial.R
Running scrapers/eldiario-madrid.R
Running scrapers/eldiario.R
Running scrapers/elmundo-madrid.R
Running scrapers/elmundo.R
Running scrapers/elpais-madrid.R
Running scrapers/elpais-opinion.R
Running scrapers/elpais.R
Running scrapers/expansion.R
Running scrapers/financialtimes-opinion.R
Running scrapers/financialtimes.R
Running scrapers/infolibre.R
Running scrapers/projectsyndicate.R
Running scrapers/publico.R
Running scrapers/ser-madrid.R
Running scrapers/social-europe.R
Running scrapers/voxeu.R
Running scrapers/cincodias-opinion.R
Running scrapers/cincodias.R
Running scrapers/elconfidencial.R
Running scrapers/eldiario-madrid.R
Running scrapers/eldiario.R
Running scrapers/elmundo-madrid.R
Running scrapers/elmundo.R
Running scrapers/elpais-madrid.R
Running scrapers/elpais-opinion.R
Running scrapers/elpais.R
Running scrapers/expansion.R
Running scrapers/financialtimes-opinion.R
Running scrapers/financialtimes.R
Running scrapers/infolibre.R
Running scrapers/projectsyndicate.R
Running scrapers/publico.R
Running scrapers/ser-madrid.R
Running scrapers/social-europe.R
Running scrapers/voxeu.R
Running scrapers/cincodias-opinion.R
Running scrapers/cincodias.R
Running scrapers/elconfidencial.R
Running scrapers/eldiario-madrid.R
Running scrapers/eldiario.R
Running scrapers/elmundo-madrid.R
Running scrapers/elmundo.R
Running scrapers/elpais-madrid.R
Running scrapers/elpais-opinion.R
Running scrapers/elpais.R
Running scrapers/expansion.R
Running scrapers/financialtimes-opinion.R
Running scrapers/financialtimes.R
Running scrapers/infolibre.R
Running scrapers/projectsyndicate.R
Running scrapers/publico.R
Running scrapers/ser-madrid.R
Running scrapers/social-europe.R
Running scrapers/voxeu.R
Running scrapers/cincodias-opinion.R
Running scrapers/cincodias.R
Running scrapers/elconfidencial.R
Running scrapers/eldiario-madrid.R
Running scrapers/eldiario.R
Running scrapers/elmundo-madrid.R
Running scrapers/elmundo.R
Running scrapers/elpais-madrid.R
Running scrapers/elpais-opinion.R
Running scrapers/elpais.R
Running scrapers/expansion.R
Running scrapers/financialtimes-opinion.R
Running scrapers/financialtimes.R
Running scrapers/infolibre.R
Running scrapers/projectsyndicate.R
Running scrapers/publico.R
Running scrapers/ser-madrid.R
Running scrapers/social-europe.R
Running scrapers/voxeu.R
Running scrapers/cincodias-opinion.R
Running scrapers/cincodias.R
Running scrapers/elconfidencial.R
Running scrapers/eldiario-madrid.R
Running scrapers/eldiario.R
Running scrapers/elmundo-madrid.R
Running scrapers/elmundo.R
Running scrapers/elpais-madrid.R
Running scrapers/elpais-opinion.R
Running scrapers/elpais.R
Running scrapers/expansion.R
Running scrapers/financialtimes-opinion.R
Running scrapers/financialtimes.R
Running scrapers/infolibre.R
Running scrapers/projectsyndicate.R
Running scrapers/publico.R
Running scrapers/ser-madrid.R
Running scrapers/social-europe.R
Running scrapers/voxeu.R
Running scrapers/cincodias-opinion.R
Running scrapers/cincodias.R
Running scrapers/elconfidencial.R
Error: object 'out' not found
Execution halted
Error in `purrr::map_chr()`:
ℹ In index: 2.
Caused by error:
! Result must be length 1, not 0.
Backtrace:
     ▆
  1. ├─... %>% paste0("<b>Internacional</b>\n\n", .)
  2. ├─base::paste0("<b>Internacional</b>\n\n", .)
  3. ├─base::paste(., collapse = "\n\n")
  4. ├─purrr::map_chr(...)
  5. │ └─purrr:::map_("character", .x, .f, ..., .progress = .progress)
  6. │   ├─purrr:::with_indexed_errors(...)
  7. │   │ └─base::withCallingHandlers(...)
  8. │   └─purrr:::call_with_cleanup(...)
  9. └─base::.handleSimpleError(...)
 10.   └─purrr (local) h(simpleError(msg, call))
 11.     └─cli::cli_abort(...)
 12.       └─rlang::abort(...)
Execution halted
Running scrapers/cincodias-opinion.R
Running scrapers/cincodias.R
Running scrapers/elconfidencial.R
Running scrapers/eldiario-madrid.R
Running scrapers/eldiario.R
Running scrapers/elmundo-madrid.R
Running scrapers/elmundo.R
Running scrapers/elpais-madrid.R
Running scrapers/elpais-opinion.R
Running scrapers/elpais.R
Running scrapers/expansion.R
Running scrapers/financialtimes-opinion.R
Running scrapers/financialtimes.R
Running scrapers/infolibre.R
Running scrapers/projectsyndicate.R
Running scrapers/publico.R
Running scrapers/ser-madrid.R
Running scrapers/social-europe.R
Running scrapers/voxeu.R
Running scrapers/cincodias-opinion.R
Running scrapers/cincodias.R
Running scrapers/elconfidencial.R
Running scrapers/eldiario-madrid.R
Running scrapers/eldiario.R
Running scrapers/elmundo-madrid.R
Running scrapers/elmundo.R
Running scrapers/elpais-madrid.R
Running scrapers/elpais-opinion.R
Running scrapers/elpais.R
Running scrapers/expansion.R
Running scrapers/financialtimes-opinion.R
Running scrapers/financialtimes.R
Running scrapers/infolibre.R
Running scrapers/projectsyndicate.R
Running scrapers/publico.R
Running scrapers/ser-madrid.R
Running scrapers/social-europe.R
Running scrapers/voxeu.R
Running scrapers/cincodias-opinion.R
Running scrapers/cincodias.R
Running scrapers/elconfidencial.R
Running scrapers/eldiario-madrid.R
Running scrapers/eldiario.R
Running scrapers/elmundo-madrid.R
Running scrapers/elmundo.R
Running scrapers/elpais-madrid.R
Running scrapers/elpais-opinion.R
Running scrapers/elpais.R
Running scrapers/expansion.R
Running scrapers/financialtimes-opinion.R
Running scrapers/financialtimes.R
Running scrapers/infolibre.R
Running scrapers/projectsyndicate.R
Running scrapers/publico.R
Running scrapers/ser-madrid.R
Running scrapers/social-europe.R
Running scrapers/voxeu.R
Running scrapers/cincodias-opinion.R
Running scrapers/cincodias.R
Running scrapers/elconfidencial.R
Running scrapers/eldiario-madrid.R
Running scrapers/eldiario.R
Running scrapers/elmundo-madrid.R
Running scrapers/elmundo.R
Running scrapers/elpais-madrid.R
Running scrapers/elpais-opinion.R
Running scrapers/elpais.R
Running scrapers/expansion.R
Running scrapers/financialtimes-opinion.R
Running scrapers/financialtimes.R
Running scrapers/infolibre.R
Running scrapers/projectsyndicate.R
Running scrapers/publico.R
Running scrapers/ser-madrid.R
Running scrapers/social-europe.R
Running scrapers/voxeu.R
Running scrapers/cincodias-opinion.R
Running scrapers/cincodias.R
Running scrapers/elconfidencial.R
Running scrapers/eldiario-madrid.R
Running scrapers/eldiario.R
Running scrapers/elmundo-madrid.R
Running scrapers/elmundo.R
Running scrapers/elpais-madrid.R
Running scrapers/elpais-opinion.R
Running scrapers/elpais.R
Running scrapers/expansion.R
Running scrapers/financialtimes-opinion.R
Running scrapers/financialtimes.R
Running scrapers/infolibre.R
Running scrapers/projectsyndicate.R
Running scrapers/publico.R
Running scrapers/ser-madrid.R
Running scrapers/social-europe.R
Running scrapers/voxeu.R
Running scrapers/cincodias-opinion.R
Running scrapers/cincodias.R
Running scrapers/elconfidencial.R
Running scrapers/eldiario-madrid.R
Running scrapers/eldiario.R
Running scrapers/elmundo-madrid.R
Running scrapers/elmundo.R
Running scrapers/elpais-madrid.R
Running scrapers/elpais-opinion.R
Running scrapers/elpais.R
Running scrapers/expansion.R
Running scrapers/financialtimes-opinion.R
Running scrapers/financialtimes.R
Running scrapers/infolibre.R
Running scrapers/projectsyndicate.R
Running scrapers/publico.R
Running scrapers/ser-madrid.R
Running scrapers/social-europe.R
Running scrapers/voxeu.R
Running scrapers/cincodias-opinion.R
Running scrapers/cincodias.R
Running scrapers/elconfidencial.R
Running scrapers/eldiario-madrid.R
Running scrapers/eldiario.R
Running scrapers/elmundo-madrid.R
Running scrapers/elmundo.R
Running scrapers/elpais-madrid.R
Running scrapers/elpais-opinion.R
Running scrapers/elpais.R
Running scrapers/expansion.R
Running scrapers/financialtimes-opinion.R
Running scrapers/financialtimes.R
Running scrapers/infolibre.R
Running scrapers/projectsyndicate.R
Running scrapers/publico.R
Running scrapers/ser-madrid.R
Running scrapers/social-europe.R
Running scrapers/voxeu.R
Running scrapers/cincodias-opinion.R
Running scrapers/cincodias.R
Running scrapers/elconfidencial.R
Running scrapers/eldiario-madrid.R
Running scrapers/eldiario.R
Running scrapers/elmundo-madrid.R
Running scrapers/elmundo.R
Running scrapers/elpais-madrid.R
Running scrapers/elpais-opinion.R
Running scrapers/elpais.R
Running scrapers/expansion.R
Running scrapers/financialtimes-opinion.R
Running scrapers/financialtimes.R
Running scrapers/infolibre.R
Running scrapers/projectsyndicate.R
Running scrapers/publico.R
Running scrapers/ser-madrid.R
Running scrapers/social-europe.R
Running scrapers/voxeu.R
Running scrapers/cincodias-opinion.R
Running scrapers/cincodias.R
Running scrapers/elconfidencial.R
Running scrapers/eldiario-madrid.R
Running scrapers/eldiario.R
Running scrapers/elmundo-madrid.R
Running scrapers/elmundo.R
Running scrapers/elpais-madrid.R
Running scrapers/elpais-opinion.R
Running scrapers/elpais.R
Running scrapers/expansion.R
Running scrapers/financialtimes-opinion.R
Running scrapers/financialtimes.R
Running scrapers/infolibre.R
Running scrapers/projectsyndicate.R
Running scrapers/publico.R
Running scrapers/ser-madrid.R
Running scrapers/social-europe.R
Running scrapers/voxeu.R
Running scrapers/cincodias-opinion.R
Running scrapers/cincodias.R
Running scrapers/elconfidencial.R
Running scrapers/eldiario-madrid.R
Running scrapers/eldiario.R
Running scrapers/elmundo-madrid.R
Running scrapers/elmundo.R
Running scrapers/elpais-madrid.R
Running scrapers/elpais-opinion.R
Running scrapers/elpais.R
Running scrapers/expansion.R
Running scrapers/financialtimes-opinion.R
Running scrapers/financialtimes.R
Running scrapers/infolibre.R
Running scrapers/projectsyndicate.R
Running scrapers/publico.R
Running scrapers/ser-madrid.R
Running scrapers/social-europe.R
Running scrapers/voxeu.R
Running scrapers/cincodias-opinion.R
Running scrapers/cincodias.R
Running scrapers/elconfidencial.R
Running scrapers/eldiario-madrid.R
Running scrapers/eldiario.R
Running scrapers/elmundo-madrid.R
Running scrapers/elmundo.R
Running scrapers/elpais-madrid.R
Running scrapers/elpais-opinion.R
Running scrapers/elpais.R
Running scrapers/expansion.R
Running scrapers/financialtimes-opinion.R
Running scrapers/financialtimes.R
Running scrapers/infolibre.R
Running scrapers/projectsyndicate.R
Running scrapers/publico.R
Running scrapers/ser-madrid.R
Running scrapers/social-europe.R
Running scrapers/voxeu.R
Running scrapers/cincodias-opinion.R
Running scrapers/cincodias.R
Running scrapers/elconfidencial.R
Running scrapers/eldiario-madrid.R
Running scrapers/eldiario.R
Running scrapers/elmundo-madrid.R
Running scrapers/elmundo.R
Running scrapers/elpais-madrid.R
Running scrapers/elpais-opinion.R
Running scrapers/elpais.R
Running scrapers/expansion.R
Running scrapers/financialtimes-opinion.R
Running scrapers/financialtimes.R
Running scrapers/infolibre.R
Running scrapers/projectsyndicate.R
Running scrapers/publico.R
Running scrapers/ser-madrid.R
Running scrapers/social-europe.R
Running scrapers/voxeu.R
Running scrapers/cincodias-opinion.R
Running scrapers/cincodias.R
Running scrapers/elconfidencial.R
Running scrapers/eldiario-madrid.R
Running scrapers/eldiario.R
Running scrapers/elmundo-madrid.R
Running scrapers/elmundo.R
Running scrapers/elpais-madrid.R
Running scrapers/elpais-opinion.R
Running scrapers/elpais.R
Running scrapers/expansion.R
Running scrapers/financialtimes-opinion.R
Running scrapers/financialtimes.R
Running scrapers/infolibre.R
Running scrapers/projectsyndicate.R
Running scrapers/publico.R
Running scrapers/ser-madrid.R
Running scrapers/social-europe.R
Running scrapers/voxeu.R
Running scrapers/cincodias-opinion.R
Running scrapers/cincodias.R
Running scrapers/elconfidencial.R
Running scrapers/eldiario-madrid.R
Running scrapers/eldiario.R
Running scrapers/elmundo-madrid.R
Running scrapers/elmundo.R
Running scrapers/elpais-madrid.R
Running scrapers/elpais-opinion.R
Running scrapers/elpais.R
Running scrapers/expansion.R
Running scrapers/financialtimes-opinion.R
Running scrapers/financialtimes.R
Running scrapers/infolibre.R
Running scrapers/projectsyndicate.R
Running scrapers/publico.R
Running scrapers/ser-madrid.R
Running scrapers/social-europe.R
Running scrapers/voxeu.R
Running scrapers/cincodias-opinion.R
Running scrapers/cincodias.R
Running scrapers/elconfidencial.R
Running scrapers/eldiario-madrid.R
Running scrapers/eldiario.R
Running scrapers/elmundo-madrid.R
Running scrapers/elmundo.R
Running scrapers/elpais-madrid.R
Running scrapers/elpais-opinion.R
Running scrapers/elpais.R
Running scrapers/expansion.R
Running scrapers/financialtimes-opinion.R
Running scrapers/financialtimes.R
Running scrapers/infolibre.R
Running scrapers/projectsyndicate.R
Running scrapers/publico.R
Running scrapers/ser-madrid.R
Running scrapers/social-europe.R
Running scrapers/voxeu.R
Running scrapers/cincodias-opinion.R
Running scrapers/cincodias.R
Running scrapers/elconfidencial.R
Running scrapers/eldiario-madrid.R
Running scrapers/eldiario.R
Running scrapers/elmundo-madrid.R
Running scrapers/elmundo.R
Running scrapers/elpais-madrid.R
Running scrapers/elpais-opinion.R
Running scrapers/elpais.R
Running scrapers/expansion.R
Running scrapers/financialtimes-opinion.R
Running scrapers/financialtimes.R
Running scrapers/infolibre.R
Running scrapers/projectsyndicate.R
Running scrapers/publico.R
Running scrapers/ser-madrid.R
Running scrapers/social-europe.R
Running scrapers/voxeu.R
Running scrapers/cincodias-opinion.R
Running scrapers/cincodias.R
Running scrapers/elconfidencial.R
Running scrapers/eldiario-madrid.R
Running scrapers/eldiario.R
Running scrapers/elmundo-madrid.R
Running scrapers/elmundo.R
Running scrapers/elpais-madrid.R
Running scrapers/elpais-opinion.R
Running scrapers/elpais.R
Running scrapers/expansion.R
Running scrapers/financialtimes-opinion.R
Running scrapers/financialtimes.R
Running scrapers/infolibre.R
Running scrapers/projectsyndicate.R
Running scrapers/publico.R
Running scrapers/ser-madrid.R
Running scrapers/social-europe.R
Running scrapers/voxeu.R
Running scrapers/cincodias-opinion.R
Running scrapers/cincodias.R
Running scrapers/elconfidencial.R
Running scrapers/eldiario-madrid.R
Running scrapers/eldiario.R
Running scrapers/elmundo-madrid.R
Running scrapers/elmundo.R
Running scrapers/elpais-madrid.R
Running scrapers/elpais-opinion.R
Running scrapers/elpais.R
Running scrapers/expansion.R
Running scrapers/financialtimes-opinion.R
Running scrapers/financialtimes.R
Running scrapers/infolibre.R
Running scrapers/projectsyndicate.R
Running scrapers/publico.R
Running scrapers/ser-madrid.R
Running scrapers/social-europe.R
Running scrapers/voxeu.R
Running scrapers/cincodias-opinion.R
Running scrapers/cincodias.R
Running scrapers/elconfidencial.R
Running scrapers/eldiario-madrid.R
Running scrapers/eldiario.R
Running scrapers/elmundo-madrid.R
Running scrapers/elmundo.R
Running scrapers/elpais-madrid.R
Running scrapers/elpais-opinion.R
Running scrapers/elpais.R
Running scrapers/expansion.R
Running scrapers/financialtimes-opinion.R
Running scrapers/financialtimes.R
Running scrapers/infolibre.R
Running scrapers/projectsyndicate.R
Running scrapers/publico.R
Running scrapers/ser-madrid.R
Running scrapers/social-europe.R
Running scrapers/voxeu.R
Running scrapers/cincodias-opinion.R
Running scrapers/cincodias.R
Running scrapers/elconfidencial.R
Running scrapers/eldiario-madrid.R
Running scrapers/eldiario.R
Running scrapers/elmundo-madrid.R
Running scrapers/elmundo.R
Running scrapers/elpais-madrid.R
Running scrapers/elpais-opinion.R
Running scrapers/elpais.R
Running scrapers/expansion.R
Running scrapers/financialtimes-opinion.R
Running scrapers/financialtimes.R
Running scrapers/infolibre.R
Running scrapers/projectsyndicate.R
Running scrapers/publico.R
Running scrapers/ser-madrid.R
Running scrapers/social-europe.R
Running scrapers/voxeu.R
Running scrapers/cincodias-opinion.R
Running scrapers/cincodias.R
Running scrapers/elconfidencial.R
Running scrapers/eldiario-madrid.R
Running scrapers/eldiario.R
Running scrapers/elmundo-madrid.R
Running scrapers/elmundo.R
Running scrapers/elpais-madrid.R
Running scrapers/elpais-opinion.R
Running scrapers/elpais.R
Running scrapers/expansion.R
Running scrapers/financialtimes-opinion.R
Running scrapers/financialtimes.R
Running scrapers/infolibre.R
Running scrapers/projectsyndicate.R
Running scrapers/publico.R
Running scrapers/ser-madrid.R
Running scrapers/social-europe.R
Running scrapers/voxeu.R
Running scrapers/cincodias-opinion.R
Running scrapers/cincodias.R
Running scrapers/elconfidencial.R
Running scrapers/eldiario-madrid.R
Running scrapers/eldiario.R
Running scrapers/elmundo-madrid.R
Running scrapers/elmundo.R
Running scrapers/elpais-madrid.R
Running scrapers/elpais-opinion.R
Running scrapers/elpais.R
Running scrapers/expansion.R
Running scrapers/financialtimes-opinion.R
Running scrapers/financialtimes.R
Running scrapers/infolibre.R
Running scrapers/projectsyndicate.R
Running scrapers/publico.R
Running scrapers/ser-madrid.R
Running scrapers/social-europe.R
Running scrapers/voxeu.R
Running scrapers/cincodias-opinion.R
Running scrapers/cincodias.R
Running scrapers/elconfidencial.R
Running scrapers/eldiario-madrid.R
Running scrapers/eldiario.R
Running scrapers/elmundo-madrid.R
Running scrapers/elmundo.R
Running scrapers/elpais-madrid.R
Running scrapers/elpais-opinion.R
Running scrapers/elpais.R
Running scrapers/expansion.R
Running scrapers/financialtimes-opinion.R
Running scrapers/financialtimes.R
Running scrapers/infolibre.R
Running scrapers/projectsyndicate.R
Running scrapers/publico.R
Running scrapers/ser-madrid.R
Running scrapers/social-europe.R
Running scrapers/voxeu.R
Running scrapers/cincodias-opinion.R
Running scrapers/cincodias.R
Running scrapers/elconfidencial.R
Running scrapers/eldiario-madrid.R
Running scrapers/eldiario.R
Running scrapers/elmundo-madrid.R
Running scrapers/elmundo.R
Running scrapers/elpais-madrid.R
Running scrapers/elpais-opinion.R
Running scrapers/elpais.R
Running scrapers/expansion.R
Running scrapers/financialtimes-opinion.R
Running scrapers/financialtimes.R
Running scrapers/infolibre.R
Running scrapers/projectsyndicate.R
Running scrapers/publico.R
Running scrapers/ser-madrid.R
Running scrapers/social-europe.R
Running scrapers/voxeu.R
Running scrapers/cincodias-opinion.R
Running scrapers/cincodias.R
Running scrapers/elconfidencial.R
Running scrapers/eldiario-madrid.R
Running scrapers/eldiario.R
Running scrapers/elmundo-madrid.R
Running scrapers/elmundo.R
Running scrapers/elpais-madrid.R
Running scrapers/elpais-opinion.R
Running scrapers/elpais.R
Running scrapers/expansion.R
Running scrapers/financialtimes-opinion.R
Running scrapers/financialtimes.R
Running scrapers/infolibre.R
Running scrapers/projectsyndicate.R
Running scrapers/publico.R
Running scrapers/ser-madrid.R
Running scrapers/social-europe.R
Running scrapers/voxeu.R
Running scrapers/cincodias-opinion.R
Running scrapers/cincodias.R
Running scrapers/elconfidencial.R
Running scrapers/eldiario-madrid.R
Running scrapers/eldiario.R
Running scrapers/elmundo-madrid.R
Running scrapers/elmundo.R
Running scrapers/elpais-madrid.R
Running scrapers/elpais-opinion.R
Running scrapers/elpais.R
Running scrapers/expansion.R
Running scrapers/financialtimes-opinion.R
Running scrapers/financialtimes.R
Running scrapers/infolibre.R
Running scrapers/projectsyndicate.R
Running scrapers/publico.R
Running scrapers/ser-madrid.R
Running scrapers/social-europe.R
Running scrapers/voxeu.R
Running scrapers/cincodias-opinion.R
Running scrapers/cincodias.R
Running scrapers/elconfidencial.R
Running scrapers/eldiario-madrid.R
Running scrapers/eldiario.R
Running scrapers/elmundo-madrid.R
Running scrapers/elmundo.R
Running scrapers/elpais-madrid.R
Running scrapers/elpais-opinion.R
Running scrapers/elpais.R
Running scrapers/expansion.R
Running scrapers/financialtimes-opinion.R
Running scrapers/financialtimes.R
Running scrapers/infolibre.R
Running scrapers/projectsyndicate.R
Running scrapers/publico.R
Running scrapers/ser-madrid.R
Running scrapers/social-europe.R
Running scrapers/voxeu.R
Running scrapers/cincodias-opinion.R
Running scrapers/cincodias.R
Running scrapers/elconfidencial.R
Running scrapers/eldiario-madrid.R
Running scrapers/eldiario.R
Running scrapers/elmundo-madrid.R
Running scrapers/elmundo.R
Running scrapers/elpais-madrid.R
Running scrapers/elpais-opinion.R
Running scrapers/elpais.R
Running scrapers/expansion.R
Running scrapers/financialtimes-opinion.R
Running scrapers/financialtimes.R
Running scrapers/infolibre.R
Running scrapers/projectsyndicate.R
Running scrapers/publico.R
Running scrapers/ser-madrid.R
Running scrapers/social-europe.R
Running scrapers/voxeu.R
Running scrapers/cincodias-opinion.R
Running scrapers/cincodias.R
Running scrapers/elconfidencial.R
Running scrapers/eldiario-madrid.R
Running scrapers/eldiario.R
Running scrapers/elmundo-madrid.R
Running scrapers/elmundo.R
Running scrapers/elpais-madrid.R
Running scrapers/elpais-opinion.R
Running scrapers/elpais.R
Running scrapers/expansion.R
Running scrapers/financialtimes-opinion.R
Running scrapers/financialtimes.R
Running scrapers/infolibre.R
Running scrapers/projectsyndicate.R
Running scrapers/publico.R
Running scrapers/ser-madrid.R
Running scrapers/social-europe.R
Running scrapers/voxeu.R
Running scrapers/cincodias-opinion.R
Running scrapers/cincodias.R
Running scrapers/elconfidencial.R
Running scrapers/eldiario-madrid.R
Running scrapers/eldiario.R
Running scrapers/elmundo-madrid.R
Running scrapers/elmundo.R
Running scrapers/elpais-madrid.R
Running scrapers/elpais-opinion.R
Running scrapers/elpais.R
Running scrapers/expansion.R
Running scrapers/financialtimes-opinion.R
Running scrapers/financialtimes.R
Running scrapers/infolibre.R
Running scrapers/projectsyndicate.R
Running scrapers/publico.R
Running scrapers/ser-madrid.R
Running scrapers/social-europe.R
Running scrapers/voxeu.R
Running scrapers/cincodias-opinion.R
Running scrapers/cincodias.R
Running scrapers/elconfidencial.R
Running scrapers/eldiario-madrid.R
Running scrapers/eldiario.R
Running scrapers/elmundo-madrid.R
Running scrapers/elmundo.R
Running scrapers/elpais-madrid.R
Running scrapers/elpais-opinion.R
Running scrapers/elpais.R
Running scrapers/expansion.R
Running scrapers/financialtimes-opinion.R
Running scrapers/financialtimes.R
Running scrapers/infolibre.R
Running scrapers/projectsyndicate.R
Running scrapers/publico.R
Running scrapers/ser-madrid.R
Running scrapers/social-europe.R
Running scrapers/voxeu.R
Running scrapers/cincodias-opinion.R
Running scrapers/cincodias.R
Running scrapers/elconfidencial.R
Running scrapers/eldiario-madrid.R
Running scrapers/eldiario.R
Running scrapers/elmundo-madrid.R
Running scrapers/elmundo.R
Running scrapers/elpais-madrid.R
Running scrapers/elpais-opinion.R
Running scrapers/elpais.R
Running scrapers/expansion.R
Running scrapers/financialtimes-opinion.R
Running scrapers/financialtimes.R
Running scrapers/infolibre.R
Running scrapers/projectsyndicate.R
Running scrapers/publico.R
Running scrapers/ser-madrid.R
Running scrapers/social-europe.R
Running scrapers/voxeu.R
Running scrapers/cincodias-opinion.R
Running scrapers/cincodias.R
Running scrapers/elconfidencial.R
Running scrapers/eldiario-madrid.R
Running scrapers/eldiario.R
Running scrapers/elmundo-madrid.R
Running scrapers/elmundo.R
Running scrapers/elpais-madrid.R
Running scrapers/elpais-opinion.R
Running scrapers/elpais.R
Running scrapers/expansion.R
Running scrapers/financialtimes-opinion.R
Running scrapers/financialtimes.R
Running scrapers/infolibre.R
Running scrapers/projectsyndicate.R
Running scrapers/publico.R
Running scrapers/ser-madrid.R
Running scrapers/social-europe.R
Running scrapers/voxeu.R
Running scrapers/cincodias-opinion.R
Running scrapers/cincodias.R
Running scrapers/elconfidencial.R
Running scrapers/eldiario-madrid.R
Running scrapers/eldiario.R
Running scrapers/elmundo-madrid.R
Running scrapers/elmundo.R
Running scrapers/elpais-madrid.R
Running scrapers/elpais-opinion.R
Running scrapers/elpais.R
Running scrapers/expansion.R
Running scrapers/financialtimes-opinion.R
Running scrapers/financialtimes.R
Running scrapers/infolibre.R
Running scrapers/projectsyndicate.R
Running scrapers/publico.R
Running scrapers/ser-madrid.R
Running scrapers/social-europe.R
Running scrapers/voxeu.R
Running scrapers/cincodias-opinion.R
Running scrapers/cincodias.R
Running scrapers/elconfidencial.R
Running scrapers/eldiario-madrid.R
Running scrapers/eldiario.R
Running scrapers/elmundo-madrid.R
Running scrapers/elmundo.R
Running scrapers/elpais-madrid.R
Running scrapers/elpais-opinion.R
Running scrapers/elpais.R
Running scrapers/expansion.R
Running scrapers/financialtimes-opinion.R
Running scrapers/financialtimes.R
Running scrapers/infolibre.R
Running scrapers/projectsyndicate.R
Running scrapers/publico.R
Running scrapers/ser-madrid.R
Running scrapers/social-europe.R
Running scrapers/voxeu.R
Running scrapers/cincodias-opinion.R
Running scrapers/cincodias.R
Running scrapers/elconfidencial.R
Running scrapers/eldiario-madrid.R
Running scrapers/eldiario.R
Running scrapers/elmundo-madrid.R
Running scrapers/elmundo.R
Running scrapers/elpais-madrid.R
Running scrapers/elpais-opinion.R
Running scrapers/elpais.R
Running scrapers/expansion.R
Running scrapers/financialtimes-opinion.R
Running scrapers/financialtimes.R
Running scrapers/infolibre.R
Running scrapers/projectsyndicate.R
Running scrapers/publico.R
Running scrapers/ser-madrid.R
Running scrapers/social-europe.R
Running scrapers/voxeu.R
Running scrapers/cincodias-opinion.R
Running scrapers/cincodias.R
Running scrapers/elconfidencial.R
Running scrapers/eldiario-madrid.R
Running scrapers/eldiario.R
Running scrapers/elmundo-madrid.R
Running scrapers/elmundo.R
Running scrapers/elpais-madrid.R
Running scrapers/elpais-opinion.R
Running scrapers/elpais.R
Running scrapers/expansion.R
Running scrapers/financialtimes-opinion.R
Running scrapers/financialtimes.R
Running scrapers/infolibre.R
Running scrapers/projectsyndicate.R
Running scrapers/publico.R
Running scrapers/ser-madrid.R
Running scrapers/social-europe.R
Running scrapers/voxeu.R
Running scrapers/cincodias-opinion.R
Running scrapers/cincodias.R
Running scrapers/elconfidencial.R
Running scrapers/eldiario-madrid.R
Running scrapers/eldiario.R
Running scrapers/elmundo-madrid.R
Running scrapers/elmundo.R
Running scrapers/elpais-madrid.R
Running scrapers/elpais-opinion.R
Running scrapers/elpais.R
Running scrapers/expansion.R
Running scrapers/financialtimes-opinion.R
Running scrapers/financialtimes.R
Running scrapers/infolibre.R
Running scrapers/projectsyndicate.R
Running scrapers/publico.R
Running scrapers/ser-madrid.R
Running scrapers/social-europe.R
Running scrapers/voxeu.R
Running scrapers/cincodias-opinion.R
Running scrapers/cincodias.R
Running scrapers/elconfidencial.R
Running scrapers/eldiario-madrid.R
Running scrapers/eldiario.R
Running scrapers/elmundo-madrid.R
Running scrapers/elmundo.R
Running scrapers/elpais-madrid.R
Running scrapers/elpais-opinion.R
Running scrapers/elpais.R
Running scrapers/expansion.R
Running scrapers/financialtimes-opinion.R
Running scrapers/financialtimes.R
Running scrapers/infolibre.R
Running scrapers/projectsyndicate.R
Running scrapers/publico.R
Running scrapers/ser-madrid.R
Running scrapers/social-europe.R
Running scrapers/voxeu.R
Running scrapers/cincodias-opinion.R
Running scrapers/cincodias.R
Running scrapers/elconfidencial.R
Running scrapers/eldiario-madrid.R
Running scrapers/eldiario.R
Running scrapers/elmundo-madrid.R
Running scrapers/elmundo.R
Running scrapers/elpais-madrid.R
Running scrapers/elpais-opinion.R
Running scrapers/elpais.R
Running scrapers/expansion.R
Running scrapers/financialtimes-opinion.R
Running scrapers/financialtimes.R
Running scrapers/infolibre.R
Running scrapers/projectsyndicate.R
Running scrapers/publico.R
Running scrapers/ser-madrid.R
Running scrapers/social-europe.R
Running scrapers/voxeu.R
Running scrapers/cincodias-opinion.R
Running scrapers/cincodias.R
Running scrapers/elconfidencial.R
Running scrapers/eldiario-madrid.R
Running scrapers/eldiario.R
Running scrapers/elmundo-madrid.R
Running scrapers/elmundo.R
Running scrapers/elpais-madrid.R
Running scrapers/elpais-opinion.R
Running scrapers/elpais.R
Running scrapers/expansion.R
Running scrapers/financialtimes-opinion.R
Running scrapers/financialtimes.R
Running scrapers/infolibre.R
Running scrapers/projectsyndicate.R
Running scrapers/publico.R
Running scrapers/ser-madrid.R
Running scrapers/social-europe.R
Running scrapers/voxeu.R
Running scrapers/cincodias-opinion.R
Running scrapers/cincodias.R
Running scrapers/elconfidencial.R
Running scrapers/eldiario-madrid.R
Running scrapers/eldiario.R
Running scrapers/elmundo-madrid.R
Running scrapers/elmundo.R
Running scrapers/elpais-madrid.R
Running scrapers/elpais-opinion.R
Running scrapers/elpais.R
Running scrapers/expansion.R
Running scrapers/financialtimes-opinion.R
Running scrapers/financialtimes.R
Running scrapers/infolibre.R
Running scrapers/projectsyndicate.R
Running scrapers/publico.R
Running scrapers/ser-madrid.R
Running scrapers/social-europe.R
Running scrapers/voxeu.R
Running scrapers/cincodias-opinion.R
Running scrapers/cincodias.R
Running scrapers/elconfidencial.R
Running scrapers/eldiario-madrid.R
Running scrapers/eldiario.R
Running scrapers/elmundo-madrid.R
Running scrapers/elmundo.R
Running scrapers/elpais-madrid.R
Running scrapers/elpais-opinion.R
Running scrapers/elpais.R
Running scrapers/expansion.R
Running scrapers/financialtimes-opinion.R
Running scrapers/financialtimes.R
Running scrapers/infolibre.R
Running scrapers/projectsyndicate.R
Running scrapers/publico.R
Running scrapers/ser-madrid.R
Running scrapers/social-europe.R
Running scrapers/voxeu.R
Running scrapers/cincodias-opinion.R
Running scrapers/cincodias.R
Running scrapers/elconfidencial.R
Running scrapers/eldiario-madrid.R
Running scrapers/eldiario.R
Running scrapers/elmundo-madrid.R
Running scrapers/elmundo.R
Running scrapers/elpais-madrid.R
Running scrapers/elpais-opinion.R
Running scrapers/elpais.R
Running scrapers/expansion.R
Running scrapers/financialtimes-opinion.R
Running scrapers/financialtimes.R
Running scrapers/infolibre.R
Running scrapers/projectsyndicate.R
Running scrapers/publico.R
Running scrapers/ser-madrid.R
Running scrapers/social-europe.R
Running scrapers/voxeu.R
Running scrapers/cincodias-opinion.R
Running scrapers/cincodias.R
Running scrapers/elconfidencial.R
Running scrapers/eldiario-madrid.R
Running scrapers/eldiario.R
Running scrapers/elmundo-madrid.R
Running scrapers/elmundo.R
Running scrapers/elpais-madrid.R
Running scrapers/elpais-opinion.R
Running scrapers/elpais.R
Running scrapers/expansion.R
Running scrapers/financialtimes-opinion.R
Running scrapers/financialtimes.R
Running scrapers/infolibre.R
Running scrapers/projectsyndicate.R
Running scrapers/publico.R
Running scrapers/ser-madrid.R
Running scrapers/social-europe.R
Running scrapers/voxeu.R
Running scrapers/cincodias-opinion.R
Running scrapers/cincodias.R
Running scrapers/elconfidencial.R
Running scrapers/eldiario-madrid.R
Running scrapers/eldiario.R
Running scrapers/elmundo-madrid.R
Running scrapers/elmundo.R
Running scrapers/elpais-madrid.R
Running scrapers/elpais-opinion.R
Running scrapers/elpais.R
Running scrapers/expansion.R
Running scrapers/financialtimes-opinion.R
Running scrapers/financialtimes.R
Running scrapers/infolibre.R
Running scrapers/projectsyndicate.R
Running scrapers/publico.R
Running scrapers/ser-madrid.R
Running scrapers/social-europe.R
Running scrapers/voxeu.R
Running scrapers/cincodias-opinion.R
Running scrapers/cincodias.R
Running scrapers/elconfidencial.R
Running scrapers/eldiario-madrid.R
Running scrapers/eldiario.R
Running scrapers/elmundo-madrid.R
Running scrapers/elmundo.R
Running scrapers/elpais-madrid.R
Running scrapers/elpais-opinion.R
Running scrapers/elpais.R
Running scrapers/expansion.R
Running scrapers/financialtimes-opinion.R
Running scrapers/financialtimes.R
Running scrapers/infolibre.R
Running scrapers/projectsyndicate.R
Running scrapers/publico.R
Running scrapers/ser-madrid.R
Running scrapers/social-europe.R
Running scrapers/voxeu.R
Running scrapers/cincodias-opinion.R
Running scrapers/cincodias.R
Running scrapers/elconfidencial.R
Running scrapers/eldiario-madrid.R
Running scrapers/eldiario.R
Running scrapers/elmundo-madrid.R
Running scrapers/elmundo.R
Running scrapers/elpais-madrid.R
Running scrapers/elpais-opinion.R
Running scrapers/elpais.R
Running scrapers/expansion.R
Running scrapers/financialtimes-opinion.R
Running scrapers/financialtimes.R
Running scrapers/infolibre.R
Running scrapers/projectsyndicate.R
Running scrapers/publico.R
Running scrapers/ser-madrid.R
Running scrapers/social-europe.R
Running scrapers/voxeu.R
Running scrapers/cincodias-opinion.R
Running scrapers/cincodias.R
Running scrapers/elconfidencial.R
Running scrapers/eldiario-madrid.R
Running scrapers/eldiario.R
Running scrapers/elmundo-madrid.R
Running scrapers/elmundo.R
Running scrapers/elpais-madrid.R
Running scrapers/elpais-opinion.R
Running scrapers/elpais.R
Running scrapers/expansion.R
Running scrapers/financialtimes-opinion.R
Running scrapers/financialtimes.R
Running scrapers/infolibre.R
Running scrapers/projectsyndicate.R
Running scrapers/publico.R
Running scrapers/ser-madrid.R
Running scrapers/social-europe.R
Running scrapers/voxeu.R
Running scrapers/cincodias-opinion.R
Running scrapers/cincodias.R
Running scrapers/elconfidencial.R
Running scrapers/eldiario-madrid.R
Running scrapers/eldiario.R
Running scrapers/elmundo-madrid.R
Running scrapers/elmundo.R
Running scrapers/elpais-madrid.R
Running scrapers/elpais-opinion.R
Running scrapers/elpais.R
Running scrapers/expansion.R
Running scrapers/financialtimes-opinion.R
Running scrapers/financialtimes.R
Running scrapers/infolibre.R
Running scrapers/projectsyndicate.R
Running scrapers/publico.R
Running scrapers/ser-madrid.R
Running scrapers/social-europe.R
Running scrapers/voxeu.R
Running scrapers/cincodias-opinion.R
Running scrapers/cincodias.R
Running scrapers/elconfidencial.R
Running scrapers/eldiario-madrid.R
Running scrapers/eldiario.R
Running scrapers/elmundo-madrid.R
Running scrapers/elmundo.R
Running scrapers/elpais-madrid.R
Running scrapers/elpais-opinion.R
Running scrapers/elpais.R
Running scrapers/expansion.R
Running scrapers/financialtimes-opinion.R
Running scrapers/financialtimes.R
Running scrapers/infolibre.R
Running scrapers/projectsyndicate.R
Running scrapers/publico.R
Running scrapers/ser-madrid.R
Running scrapers/social-europe.R
Running scrapers/voxeu.R
Running scrapers/cincodias-opinion.R
Running scrapers/cincodias.R
Running scrapers/elconfidencial.R
Running scrapers/eldiario-madrid.R
Running scrapers/eldiario.R
Running scrapers/elmundo-madrid.R
Running scrapers/elmundo.R
Running scrapers/elpais-madrid.R
Running scrapers/elpais-opinion.R
Running scrapers/elpais.R
Running scrapers/expansion.R
Running scrapers/financialtimes-opinion.R
Running scrapers/financialtimes.R
Running scrapers/infolibre.R
Running scrapers/projectsyndicate.R
Running scrapers/publico.R
Running scrapers/ser-madrid.R
Running scrapers/social-europe.R
Running scrapers/voxeu.R
Running scrapers/cincodias-opinion.R
Running scrapers/cincodias.R
Running scrapers/elconfidencial.R
Running scrapers/eldiario-madrid.R
Running scrapers/eldiario.R
Running scrapers/elmundo-madrid.R
Running scrapers/elmundo.R
Running scrapers/elpais-madrid.R
Running scrapers/elpais-opinion.R
Running scrapers/elpais.R
Running scrapers/expansion.R
Running scrapers/financialtimes-opinion.R
Running scrapers/financialtimes.R
Running scrapers/infolibre.R
Running scrapers/projectsyndicate.R
Running scrapers/publico.R
Running scrapers/ser-madrid.R
Running scrapers/social-europe.R
Running scrapers/voxeu.R
Running scrapers/cincodias-opinion.R
Running scrapers/cincodias.R
Running scrapers/elconfidencial.R
Running scrapers/eldiario-madrid.R
Running scrapers/eldiario.R
Running scrapers/elmundo-madrid.R
Running scrapers/elmundo.R
Running scrapers/elpais-madrid.R
Running scrapers/elpais-opinion.R
Running scrapers/elpais.R
Running scrapers/expansion.R
Running scrapers/financialtimes-opinion.R
Running scrapers/financialtimes.R
Running scrapers/infolibre.R
Running scrapers/projectsyndicate.R
Running scrapers/publico.R
Running scrapers/ser-madrid.R
Running scrapers/social-europe.R
Running scrapers/voxeu.R
Running scrapers/cincodias-opinion.R
Running scrapers/cincodias.R
Running scrapers/elconfidencial.R
Running scrapers/eldiario-madrid.R
Running scrapers/eldiario.R
Running scrapers/elmundo-madrid.R
Running scrapers/elmundo.R
Running scrapers/elpais-madrid.R
Running scrapers/elpais-opinion.R
Running scrapers/elpais.R
Running scrapers/expansion.R
Running scrapers/financialtimes-opinion.R
Running scrapers/financialtimes.R
Running scrapers/infolibre.R
Running scrapers/projectsyndicate.R
Running scrapers/publico.R
Running scrapers/ser-madrid.R
Running scrapers/social-europe.R
Running scrapers/voxeu.R
Running scrapers/cincodias-opinion.R
# Bootstrapping renv 1.0.5 ---------------------------------------------------
- Downloading renv ... OK
- Installing renv  ... OK

- One or more packages recorded in the lockfile are not installed.
- Use `renv::status()` for more details.
Error in library(dplyr) : there is no package called ‘dplyr’
Execution halted
- One or more packages recorded in the lockfile are not installed.
- Use `renv::status()` for more details.
Error in library(dplyr) : there is no package called ‘dplyr’
Execution halted
Running scrapers/cincodias-opinion.R
Running scrapers/cincodias.R
Running scrapers/elconfidencial.R
Running scrapers/eldiario-madrid.R
Running scrapers/eldiario.R
Running scrapers/elmundo-madrid.R
Running scrapers/elmundo.R
Running scrapers/elpais-madrid.R
Running scrapers/elpais-opinion.R
Running scrapers/elpais.R
Running scrapers/expansion.R
Running scrapers/financialtimes-opinion.R
Running scrapers/financialtimes.R
Running scrapers/infolibre.R
Running scrapers/projectsyndicate.R
Running scrapers/publico.R
Running scrapers/ser-madrid.R
Running scrapers/social-europe.R
Running scrapers/voxeu.R
Running scrapers/cincodias-opinion.R
Running scrapers/cincodias.R
Running scrapers/elconfidencial.R
Running scrapers/eldiario-madrid.R
Running scrapers/eldiario.R
Running scrapers/elmundo-madrid.R
Running scrapers/elmundo.R
Running scrapers/elpais-madrid.R
Running scrapers/elpais-opinion.R
Running scrapers/elpais.R
Running scrapers/expansion.R
Running scrapers/financialtimes-opinion.R
Running scrapers/financialtimes.R
Running scrapers/infolibre.R
Running scrapers/projectsyndicate.R
Running scrapers/publico.R
Running scrapers/ser-madrid.R
Running scrapers/social-europe.R
Running scrapers/voxeu.R
